com.isuwang.soa.holiday.service.HolidayService.selectEntitiesByRange:1.0.0 14ms
com.isuwang.soa.holiday.service.HolidayService.selectEntitiesByRange:1.0.0 8ms
com.isuwang.soa.kuaisuprice.service.KuaisuPriceService.queryKuaisuPrices:1.0.0 80ms
com.isuwang.soa.kuaisuprice.service.KuaisuPriceService.queryKuaisuPrices:1.0.0 74ms
com.isuwang.soa.kuaisuprice.service.KuaisuPriceService.queryKuaisuPrices:1.0.0 74ms
com.isuwang.soa.kuaisuprice.service.KuaisuPriceService.queryKuaisuPrices:1.0.0 81ms
com.isuwang.soa.kuaisuprice.service.KuaisuPriceService.queryKuaisuPrices:1.0.0 86ms
com.isuwang.soa.kuaisuprice.service.KuaisuPriceService.queryKuaisuPrices:1.0.0 81ms
com.isuwang.soa.kuaisuprice.service.KuaisuPriceService.queryKuaisuPrices:1.0.0 77ms
com.isuwang.soa.kuaisuprice.service.KuaisuPriceService.queryKuaisuPrices:1.0.0 76ms
com.isuwang.soa.kuaisuprice.service.KuaisuPriceService.queryKuaisuPrices:1.0.0 69ms
com.isuwang.soa.kuaisuprice.service.KuaisuPriceService.queryKuaisuPrices:1.0.0 77ms
com.isuwang.soa.kuaisuprice.service.KuaisuPriceService.queryKuaisuPrices:1.0.0 74ms
com.isuwang.soa.kuaisuprice.service.KuaisuPriceService.queryKuaisuPrices:1.0.0 71ms
com.isuwang.soa.kuaisuprice.service.KuaisuPriceService.queryKuaisuPrices:1.0.0 77ms
com.isuwang.soa.kuaisuprice.service.KuaisuPriceService.queryKuaisuPrices:1.0.0 80ms
com.isuwang.soa.kuaisuprice.service.KuaisuPriceService.queryKuaisuPrices:1.0.0 74ms
com.isuwang.soa.kuaisuprice.service.KuaisuPriceService.queryKuaisuPrices:1.0.0 93ms
com.isuwang.soa.kuaisuprice.service.KuaisuPriceService.queryKuaisuPrices:1.0.0 69ms
com.isuwang.soa.kuaisuprice.service.KuaisuPriceService.queryKuaisuPrices:1.0.0 68ms
com.isuwang.soa.kuaisuprice.service.KuaisuPriceService.queryKuaisuPrices:1.0.0 71ms
com.isuwang.soa.kuaisuprice.service.KuaisuPriceService.queryKuaisuPrices:1.0.0 70ms
com.isuwang.soa.kuaisuprice.service.KuaisuPriceService.queryKuaisuPrices:1.0.0 76ms
com.isuwang.soa.kuaisuprice.service.KuaisuPriceService.queryKuaisuPrices:1.0.0 74ms
com.isuwang.soa.kuaisuprice.service.KuaisuPriceService.queryKuaisuPrices:1.0.0 73ms
com.isuwang.soa.kuaisuprice.service.KuaisuPriceService.queryKuaisuPrices:1.0.0 128ms
com.isuwang.soa.kuaisuprice.service.KuaisuPriceService.queryKuaisuPrices:1.0.0 167ms
com.isuwang.soa.kuaisuprice.service.KuaisuPriceService.queryKuaisuPrices:1.0.0 72ms
com.isuwang.soa.kuaisuprice.service.KuaisuPriceService.queryKuaisuPrices:1.0.0 74ms
com.isuwang.soa.kuaisuprice.service.KuaisuPriceService.queryKuaisuPrices:1.0.0 118ms
com.isuwang.soa.kuaisuprice.service.KuaisuPriceService.queryKuaisuPrices:1.0.0 81ms
com.isuwang.soa.kuaisuprice.service.KuaisuPriceService.queryKuaisuPrices:1.0.0 68ms
com.isuwang.soa.kuaisuprice.service.KuaisuPriceService.queryKuaisuPrices:1.0.0 73ms
com.isuwang.soa.kuaisuprice.service.KuaisuPriceService.queryKuaisuPrices:1.0.0 76ms
com.isuwang.soa.kuaisuprice.service.KuaisuPriceService.queryKuaisuPrices:1.0.0 97ms
com.isuwang.soa.kuaisuprice.service.KuaisuPriceService.queryKuaisuPrices:1.0.0 126ms
com.isuwang.soa.kuaisuprice.service.KuaisuPriceService.queryKuaisuPrices:1.0.0 154ms
com.isuwang.soa.kuaisuprice.service.KuaisuPriceService.queryKuaisuPrices:1.0.0 110ms
com.isuwang.soa.kuaisuprice.service.KuaisuPriceService.queryKuaisuPrices:1.0.0 82ms
com.isuwang.soa.kuaisuprice.service.KuaisuPriceService.queryKuaisuPrices:1.0.0 113ms
com.isuwang.soa.kuaisuprice.service.KuaisuPriceService.queryKuaisuPrices:1.0.0 84ms
com.isuwang.soa.kuaisuprice.service.KuaisuPriceService.queryKuaisuPrices:1.0.0 71ms
com.isuwang.soa.kuaisuprice.service.KuaisuPriceService.queryKuaisuPrices:1.0.0 76ms
com.isuwang.soa.kuaisuprice.service.KuaisuPriceService.queryKuaisuPrices:1.0.0 70ms
com.isuwang.soa.kuaisuprice.service.KuaisuPriceService.queryKuaisuPrices:1.0.0 75ms
com.isuwang.soa.kuaisuprice.service.KuaisuPriceService.queryKuaisuPrices:1.0.0 77ms
com.isuwang.soa.kuaisuprice.service.KuaisuPriceService.queryKuaisuPrices:1.0.0 78ms
com.isuwang.soa.kuaisuprice.service.KuaisuPriceService.queryKuaisuPrices:1.0.0 71ms
com.isuwang.soa.kuaisuprice.service.KuaisuPriceService.queryKuaisuPrices:1.0.0 89ms
com.isuwang.soa.kuaisuprice.service.KuaisuPriceService.queryKuaisuPrices:1.0.0 68ms
com.isuwang.soa.kuaisuprice.service.KuaisuPriceService.queryKuaisuPrices:1.0.0 70ms
com.isuwang.soa.kuaisuprice.service.KuaisuPriceService.queryKuaisuPrices:1.0.0 104ms
com.isuwang.soa.kuaisuprice.service.KuaisuPriceService.queryKuaisuPrices:1.0.0 71ms
com.isuwang.soa.kuaisuprice.service.KuaisuPriceService.queryKuaisuPrices:1.0.0 72ms
com.isuwang.soa.kuaisuprice.service.KuaisuPriceService.queryKuaisuPrices:1.0.0 75ms
com.isuwang.soa.kuaisuprice.service.KuaisuPriceService.queryKuaisuPrices:1.0.0 87ms
com.isuwang.soa.kuaisuprice.service.KuaisuPriceService.queryKuaisuPrices:1.0.0 70ms
com.isuwang.soa.kuaisuprice.service.KuaisuPriceService.queryKuaisuPrices:1.0.0 72ms
com.isuwang.soa.kuaisuprice.service.KuaisuPriceService.queryKuaisuPrices:1.0.0 76ms
com.isuwang.soa.kuaisuprice.service.KuaisuPriceService.queryKuaisuPrices:1.0.0 69ms
com.isuwang.soa.kuaisuprice.service.KuaisuPriceService.queryKuaisuPrices:1.0.0 71ms
com.isuwang.soa.kuaisuprice.service.KuaisuPriceService.queryKuaisuPrices:1.0.0 78ms
com.isuwang.soa.kuaisuprice.service.KuaisuPriceService.queryKuaisuPrices:1.0.0 71ms
com.isuwang.soa.kuaisuprice.service.KuaisuPriceService.queryKuaisuPrices:1.0.0 91ms
com.isuwang.soa.holiday.service.HolidayService.selectEntitiesByRange:1.0.0 6ms
com.isuwang.soa.holiday.service.HolidayService.selectEntitiesByRange:1.0.0 6ms
com.isuwang.soa.holiday.service.HolidayService.selectEntitiesByRange:1.0.0 4ms
com.isuwang.soa.holiday.service.HolidayService.selectEntitiesByRange:1.0.0 7ms
com.isuwang.soa.holiday.service.HolidayService.selectEntitiesByRange:1.0.0 6ms
com.isuwang.soa.holiday.service.HolidayService.selectEntitiesByRange:1.0.0 5ms
com.isuwang.soa.holiday.service.HolidayService.selectEntitiesByRange:1.0.0 4ms
com.isuwang.soa.holiday.service.HolidayService.selectEntitiesByRange:1.0.0 5ms
com.isuwang.soa.holiday.service.HolidayService.selectEntitiesByRange:1.0.0 4ms
com.isuwang.soa.holiday.service.HolidayService.selectEntitiesByRange:1.0.0 6ms
com.isuwang.soa.article.service.ArticleService.getArticleList:1.0.0 100ms
com.isuwang.soa.holiday.service.HolidayService.selectEntitiesByRange:1.0.0 9ms
com.isuwang.soa.article.service.ArticleService.getArticleDetail:1.0.0 131ms
com.isuwang.soa.article.service.ArticleService.selectTopArticles:1.0.0 17ms
com.isuwang.soa.holiday.service.HolidayService.selectEntitiesByRange:1.0.0 6ms
com.isuwang.soa.article.service.ArticleService.getArticleList:1.0.0 95ms
com.isuwang.soa.article.service.ArticleService.getArticleList:1.0.0 89ms
com.isuwang.soa.holiday.service.HolidayService.selectEntitiesByRange:1.0.0 7ms
com.isuwang.soa.holiday.service.HolidayService.selectEntitiesByRange:1.0.0 6ms
com.isuwang.soa.article.service.ArticleService.getArticleDetail:1.0.0 200ms
com.isuwang.soa.article.service.ArticleService.getArticleList:1.0.0 77ms
com.isuwang.soa.article.service.ArticleService.getArticleDetail:1.0.0 124ms
com.isuwang.soa.article.service.ArticleService.getArticleDetail:1.0.0 58ms
com.isuwang.soa.article.service.ArticleService.getArticleDetail:1.0.0 63ms
com.isuwang.soa.article.service.ArticleService.getArticleDetail:1.0.0 68ms
com.isuwang.soa.article.service.ArticleService.getArticleDetail:1.0.0 68ms
com.isuwang.soa.article.service.ArticleService.getArticleDetail:1.0.0 76ms
com.isuwang.soa.article.service.ArticleService.getArticleDetail:1.0.0 84ms
com.isuwang.soa.article.service.ArticleService.getArticleDetail:1.0.0 28ms
com.isuwang.soa.article.service.ArticleService.getArticleDetail:1.0.0 43ms
com.isuwang.soa.article.service.ArticleService.getArticleDetail:1.0.0 27ms
com.isuwang.soa.kuaisuprice.service.KuaisuPriceService.queryKuaisuPrices:1.0.0 27ms
com.isuwang.soa.kuaisuprice.service.KuaisuPriceService.queryKuaisuPrices:1.0.0 143ms
com.isuwang.soa.article.service.ArticleService.getArticleDetail:1.0.0 26ms
com.isuwang.soa.article.service.ArticleService.getArticleList:1.0.0 79ms
com.isuwang.soa.article.service.ArticleService.selectArticlesByCountAndCatalog:1.0.0 9ms
com.isuwang.soa.holiday.service.HolidayService.selectEntitiesByRange:1.0.0 5ms
com.isuwang.soa.kuaisuprice.service.KuaisuPriceService.queryKuaisuPrices:1.0.0 69ms
com.isuwang.soa.kuaisuprice.service.KuaisuPriceService.queryKuaisuPrices:1.0.0 123ms
com.isuwang.soa.article.service.ArticleService.getArticleDetail:1.0.0 86ms
com.isuwang.soa.article.service.ArticleService.selectArticleByIdAndType:1.0.0 6ms
com.isuwang.soa.article.service.ArticleService.selectTopArticles:1.0.0 18ms
com.isuwang.soa.article.service.ArticleService.selectArticlesByCountAndCatalog:1.0.0 13ms
com.isuwang.soa.article.service.ArticleService.selectArticlesByCountAndCatalog:1.0.0 8ms
com.isuwang.soa.holiday.service.HolidayService.selectEntitiesByRange:1.0.0 7ms
com.isuwang.soa.holiday.service.HolidayService.selectEntitiesByRange:1.0.0 5ms
com.isuwang.soa.holiday.service.HolidayService.selectEntitiesByRange:1.0.0 4ms
com.isuwang.soa.article.service.ArticleService.selectTopArticles:1.0.0 22ms
com.isuwang.soa.article.service.ArticleService.selectArticlesByCountAndCatalog:1.0.0 10ms
com.isuwang.soa.kuaisuprice.service.KuaisuPriceService.queryKuaisuPrices:1.0.0 127ms
com.isuwang.soa.kuaisuprice.service.KuaisuPriceService.queryKuaisuPrices:1.0.0 214ms
com.isuwang.soa.article.service.ArticleService.getArticleDetail:1.0.0 34ms
com.isuwang.soa.article.service.ArticleService.selectArticleByIdAndType:1.0.0 6ms
com.isuwang.soa.article.service.ArticleService.selectArticlesByCountAndType:1.0.0 5ms
com.isuwang.soa.kuaisuprice.service.KuaisuPriceService.queryKuaisuPrices:1.0.0 123ms
com.isuwang.soa.kuaisuprice.service.KuaisuPriceService.queryKuaisuPrices:1.0.0 69ms
com.isuwang.soa.article.service.ArticleService.getArticleDetail:1.0.0 30ms
com.isuwang.soa.order.service.OrderService.findOrderItemById:1.0.0 1353ms
com.isuwang.soa.order.service.OrderService.findOrderItemById:1.0.0 19ms
com.isuwang.soa.kuaisuprice.service.KuaisuPriceService.queryKuaisuPrices:1.0.0 119ms
com.isuwang.soa.order.service.OrderService.findOrderItemById:1.0.0 13ms
com.isuwang.soa.kuaisuprice.service.KuaisuPriceService.queryKuaisuPrices:1.0.0 124ms
com.isuwang.soa.kuaisuprice.service.KuaisuPriceService.queryKuaisuPrices:1.0.0 396ms
com.isuwang.soa.article.service.ArticleService.getArticleDetail:1.0.0 543ms
com.isuwang.soa.article.service.ArticleService.getArticleList:1.0.0 215ms
com.isuwang.soa.kuaisuprice.service.KuaisuPriceService.queryKuaisuPrices:1.0.0 427ms
com.isuwang.soa.holiday.service.HolidayService.selectEntitiesByRange:1.0.0 22ms
com.isuwang.soa.kuaisuprice.service.KuaisuPriceService.queryKuaisuPrices:1.0.0 179ms
com.isuwang.soa.holiday.service.HolidayService.selectEntitiesByRange:1.0.0 12ms
com.isuwang.soa.article.service.ArticleService.getArticleList:1.0.0 152ms
com.isuwang.soa.kuaisuprice.service.KuaisuPriceService.queryKuaisuPrices:1.0.0 221ms
com.isuwang.soa.article.service.ArticleService.getArticleDetail:1.0.0 65ms
com.isuwang.soa.article.service.ArticleService.getArticleDetail:1.0.0 88ms
com.isuwang.soa.article.service.ArticleService.getArticleDetail:1.0.0 89ms
com.isuwang.soa.article.service.ArticleService.getArticleDetail:1.0.0 62ms
com.isuwang.soa.article.service.ArticleService.getArticleDetail:1.0.0 52ms
com.isuwang.soa.holiday.service.HolidayService.selectEntitiesByRange:1.0.0 9ms
com.isuwang.soa.article.service.ArticleService.getArticleList:1.0.0 96ms
com.isuwang.soa.article.service.ArticleService.getArticleDetail:1.0.0 110ms
com.isuwang.soa.article.service.ArticleService.selectArticlesByCountAndCatalog:1.0.0 17ms
com.isuwang.soa.article.service.ArticleService.selectArticlesByCountAndCatalog:1.0.0 14ms
com.isuwang.soa.holiday.service.HolidayService.selectEntitiesByRange:1.0.0 14ms
com.isuwang.soa.holiday.service.HolidayService.selectEntitiesByRange:1.0.0 20ms
com.isuwang.soa.holiday.service.HolidayService.selectEntitiesByRange:1.0.0 7ms
com.isuwang.soa.etrade.service.EtradeService.createEtradeBid:1.0.0 3077ms
com.isuwang.soa.kuaisuprice.service.KuaisuPriceService.queryKuaisuPrices:1.0.0 77ms
com.isuwang.soa.holiday.service.HolidayService.selectEntitiesByRange:1.0.0 11ms
com.isuwang.soa.article.service.ArticleService.getArticleDetail:1.0.0 56ms
com.isuwang.soa.article.service.ArticleService.getArticleDetail:1.0.0 43ms
com.isuwang.soa.article.service.ArticleService.getArticleDetail:1.0.0 36ms
com.isuwang.soa.article.service.ArticleService.getArticleDetail:1.0.0 35ms
com.isuwang.soa.kuaisuprice.service.KuaisuPriceService.queryKuaisuPrices:1.0.0 153ms
com.isuwang.soa.kuaisuprice.service.KuaisuPriceService.queryKuaisuPrices:1.0.0 171ms
com.isuwang.soa.article.service.ArticleService.selectTopArticles:1.0.0 33ms
com.isuwang.soa.kuaisuprice.service.KuaisuPriceService.queryKuaisuPrices:1.0.0 136ms
com.isuwang.soa.article.service.ArticleService.getArticleList:1.0.0 41ms
com.isuwang.soa.kuaisuprice.service.KuaisuPriceService.queryKuaisuPrices:1.0.0 141ms
com.isuwang.soa.article.service.ArticleService.getArticleDetail:1.0.0 58ms
com.isuwang.soa.article.service.ArticleService.getArticleDetail:1.0.0 72ms
com.isuwang.soa.kuaisuprice.service.KuaisuPriceService.queryKuaisuPrices:1.0.0 129ms
com.isuwang.soa.kuaisuprice.service.KuaisuPriceService.queryKuaisuPrices:1.0.0 146ms
com.isuwang.soa.holiday.service.HolidayService.selectEntitiesByRange:1.0.0 8ms
com.isuwang.soa.kuaisuprice.service.KuaisuPriceService.queryKuaisuPrices:1.0.0 154ms
com.isuwang.soa.article.service.ArticleService.getArticleDetail:1.0.0 55ms
com.isuwang.soa.kuaisuprice.service.KuaisuPriceService.queryKuaisuPrices:1.0.0 133ms
com.isuwang.soa.article.service.ArticleService.getArticleDetail:1.0.0 171ms
com.isuwang.soa.holiday.service.HolidayService.selectEntitiesByRange:1.0.0 7ms
com.isuwang.soa.article.service.ArticleService.getArticleDetail:1.0.0 37ms
com.isuwang.soa.holiday.service.HolidayService.selectEntitiesByRange:1.0.0 10ms
com.isuwang.soa.holiday.service.HolidayService.selectEntitiesByRange:1.0.0 10ms
com.isuwang.soa.article.service.ArticleService.selectArticlesByCountAndCatalog:1.0.0 9ms
com.isuwang.soa.article.service.ArticleService.selectArticlesByCountAndCatalog:1.0.0 11ms
com.isuwang.soa.kuaisuprice.service.KuaisuPriceService.queryKuaisuPrices:1.0.0 147ms
com.isuwang.soa.kuaisuprice.service.KuaisuPriceService.queryKuaisuPrices:1.0.0 90ms
com.isuwang.soa.holiday.service.HolidayService.selectEntitiesByRange:1.0.0 8ms
com.isuwang.soa.holiday.service.HolidayService.selectEntitiesByRange:1.0.0 15ms
com.isuwang.soa.holiday.service.HolidayService.selectEntitiesByRange:1.0.0 8ms
com.isuwang.soa.holiday.service.HolidayService.selectEntitiesByRange:1.0.0 8ms
com.isuwang.soa.kuaisuprice.service.KuaisuPriceService.queryKuaisuPrices:1.0.0 160ms
com.isuwang.soa.kuaisuprice.service.KuaisuPriceService.queryKuaisuPrices:1.0.0 135ms
com.isuwang.soa.holiday.service.HolidayService.selectEntitiesByRange:1.0.0 9ms
com.isuwang.soa.holiday.service.HolidayService.selectEntitiesByRange:1.0.0 9ms
com.isuwang.soa.kuaisuprice.service.KuaisuPriceService.queryKuaisuPrices:1.0.0 160ms
com.isuwang.soa.article.service.ArticleService.getArticleDetail:1.0.0 139ms
com.isuwang.soa.kuaisuprice.service.KuaisuPriceService.queryKuaisuPrices:1.0.0 81ms
com.isuwang.soa.kuaisuprice.service.KuaisuPriceService.queryKuaisuPrices:1.0.0 135ms
com.isuwang.soa.holiday.service.HolidayService.selectEntitiesByRange:1.0.0 7ms
com.isuwang.soa.holiday.service.HolidayService.selectEntitiesByRange:1.0.0 10ms
com.isuwang.soa.holiday.service.HolidayService.selectEntitiesByRange:1.0.0 27ms
com.isuwang.soa.holiday.service.HolidayService.selectEntitiesByRange:1.0.0 9ms
com.isuwang.soa.holiday.service.HolidayService.selectEntitiesByRange:1.0.0 8ms
com.isuwang.soa.holiday.service.HolidayService.selectEntitiesByRange:1.0.0 17ms
com.isuwang.soa.holiday.service.HolidayService.selectEntitiesByRange:1.0.0 13ms
com.isuwang.soa.kuaisuprice.service.KuaisuPriceService.queryKuaisuPrices:1.0.0 88ms
com.isuwang.soa.kuaisuprice.service.KuaisuPriceService.queryKuaisuPrices:1.0.0 133ms
com.isuwang.soa.kuaisuprice.service.KuaisuPriceService.queryKuaisuPrices:1.0.0 157ms
com.isuwang.soa.kuaisuprice.service.KuaisuPriceService.queryKuaisuPrices:1.0.0 89ms
com.isuwang.soa.holiday.service.HolidayService.selectEntitiesByRange:1.0.0 7ms
com.isuwang.soa.holiday.service.HolidayService.selectEntitiesByRange:1.0.0 7ms
com.isuwang.soa.kuaisuprice.service.KuaisuPriceService.queryKuaisuPrices:1.0.0 328ms
com.isuwang.soa.article.service.ArticleService.getArticleList:1.0.0 126ms
com.isuwang.soa.article.service.ArticleService.getArticleDetail:1.0.0 168ms
com.isuwang.soa.holiday.service.HolidayService.selectEntitiesByRange:1.0.0 12ms
com.isuwang.soa.holiday.service.HolidayService.selectEntitiesByRange:1.0.0 12ms
com.isuwang.soa.article.service.ArticleService.getArticleDetail:1.0.0 102ms
com.isuwang.soa.article.service.ArticleService.getArticleDetail:1.0.0 101ms
com.isuwang.soa.kuaisuprice.service.KuaisuPriceService.queryKuaisuPrices:1.0.0 129ms
com.isuwang.soa.holiday.service.HolidayService.selectEntitiesByRange:1.0.0 8ms
com.isuwang.soa.kuaisuprice.service.KuaisuPriceService.queryKuaisuPrices:1.0.0 126ms
com.isuwang.soa.article.service.ArticleService.getArticleDetail:1.0.0 52ms
com.isuwang.soa.holiday.service.HolidayService.selectEntitiesByRange:1.0.0 9ms
com.isuwang.soa.holiday.service.HolidayService.selectEntitiesByRange:1.0.0 6ms
com.isuwang.soa.kuaisuprice.service.KuaisuPriceService.queryKuaisuPrices:1.0.0 129ms
com.isuwang.soa.kuaisuprice.service.KuaisuPriceService.queryKuaisuPrices:1.0.0 127ms
com.isuwang.soa.holiday.service.HolidayService.selectEntitiesByRange:1.0.0 14ms
com.isuwang.soa.article.service.ArticleService.getArticleDetail:1.0.0 80ms
com.isuwang.soa.holiday.service.HolidayService.selectEntitiesByRange:1.0.0 16ms
com.isuwang.soa.kuaisuprice.service.KuaisuPriceService.queryKuaisuPrices:1.0.0 158ms
com.isuwang.soa.article.service.ArticleService.getArticleDetail:1.0.0 33ms
com.isuwang.soa.article.service.ArticleService.getArticleDetail:1.0.0 29ms
com.isuwang.soa.article.service.ArticleService.getArticleDetail:1.0.0 37ms
com.isuwang.soa.article.service.ArticleService.selectTopArticles:1.0.0 26ms
com.isuwang.soa.article.service.ArticleService.getArticleList:1.0.0 99ms
com.isuwang.soa.article.service.ArticleService.selectArticlesByCountAndCatalog:1.0.0 9ms
com.isuwang.soa.holiday.service.HolidayService.selectEntitiesByRange:1.0.0 6ms
com.isuwang.soa.holiday.service.HolidayService.selectEntitiesByRange:1.0.0 5ms
com.isuwang.soa.holiday.service.HolidayService.selectEntitiesByRange:1.0.0 5ms
com.isuwang.soa.kuaisuprice.service.KuaisuPriceService.queryKuaisuPrices:1.0.0 147ms
com.isuwang.soa.article.service.ArticleService.getArticleDetail:1.0.0 99ms
com.isuwang.soa.holiday.service.HolidayService.selectEntitiesByRange:1.0.0 6ms
com.isuwang.soa.holiday.service.HolidayService.selectEntitiesByRange:1.0.0 6ms
com.isuwang.soa.holiday.service.HolidayService.selectEntitiesByRange:1.0.0 8ms
com.isuwang.soa.holiday.service.HolidayService.selectEntitiesByRange:1.0.0 6ms
com.isuwang.soa.holiday.service.HolidayService.selectEntitiesByRange:1.0.0 7ms
com.isuwang.soa.article.service.ArticleService.getArticleList:1.0.0 107ms
com.isuwang.soa.article.service.ArticleService.getArticleList:1.0.0 45ms
com.isuwang.soa.article.service.ArticleService.selectArticlesByCountAndCatalog:1.0.0 9ms
com.isuwang.soa.order.service.OrderService.findOrderItemById:1.0.0 550ms
com.isuwang.soa.order.service.OrderService.findOrderItemById:1.0.0 29ms
com.isuwang.soa.parameter.service.ParameterService.findParameterByName:1.0.0 137ms
com.isuwang.soa.parameter.service.ParameterService.findParameterByName:1.0.0 10ms
com.isuwang.soa.parameter.service.ParameterService.findParameterByName:1.0.0 8ms
com.isuwang.soa.parameter.service.ParameterService.findParameterByName:1.0.0 8ms
com.isuwang.soa.article.service.ArticleService.getArticleDetail:1.0.0 258ms
com.isuwang.soa.holiday.service.HolidayService.selectEntitiesByRange:1.0.0 25ms
com.isuwang.soa.holiday.service.HolidayService.selectEntitiesByRange:1.0.0 7ms
com.isuwang.soa.holiday.service.HolidayService.selectEntitiesByRange:1.0.0 11ms
com.isuwang.soa.holiday.service.HolidayService.selectEntitiesByRange:1.0.0 9ms
com.isuwang.soa.holiday.service.HolidayService.selectEntitiesByRange:1.0.0 8ms
com.isuwang.soa.holiday.service.HolidayService.selectEntitiesByRange:1.0.0 12ms
com.isuwang.soa.holiday.service.HolidayService.getAllDailySchedules:1.0.0 44ms
com.isuwang.soa.holiday.service.HolidayService.getAllDailySchedules:1.0.0 69ms
com.isuwang.soa.holiday.service.HolidayService.selectEntitiesByRange:1.0.0 10ms
com.isuwang.soa.holiday.service.HolidayService.selectEntitiesByRange:1.0.0 12ms
com.isuwang.soa.holiday.service.HolidayService.selectEntitiesByRange:1.0.0 10ms
com.isuwang.soa.holiday.service.HolidayService.selectEntitiesByRange:1.0.0 17ms
com.isuwang.soa.holiday.service.HolidayService.selectEntitiesByRange:1.0.0 8ms
com.isuwang.soa.holiday.service.HolidayService.selectEntitiesByRange:1.0.0 10ms
com.isuwang.soa.holiday.service.HolidayService.selectEntitiesByRange:1.0.0 8ms
com.isuwang.soa.article.service.ArticleService.selectTopArticles:1.0.0 33ms
com.isuwang.soa.holiday.service.HolidayService.selectEntitiesByRange:1.0.0 11ms
com.isuwang.soa.article.service.ArticleService.selectArticlesByCountAndCatalog:1.0.0 17ms
com.isuwang.soa.holiday.service.HolidayService.selectEntitiesByRange:1.0.0 8ms
com.isuwang.soa.article.service.ArticleService.selectArticlesByCountAndCatalog:1.0.0 10ms
com.isuwang.soa.article.service.ArticleService.selectArticlesByCountAndCatalog:1.0.0 11ms
com.isuwang.soa.article.service.ArticleService.selectTopArticles:1.0.0 24ms
com.isuwang.soa.article.service.ArticleService.selectArticlesByCountAndCatalog:1.0.0 14ms
com.isuwang.soa.article.service.ArticleService.selectTopArticles:1.0.0 19ms
com.isuwang.soa.article.service.ArticleService.selectArticlesByCountAndCatalog:1.0.0 14ms
com.isuwang.soa.article.service.ArticleService.selectArticlesByCountAndCatalog:1.0.0 15ms
com.isuwang.soa.article.service.ArticleService.selectArticlesByCountAndCatalog:1.0.0 9ms
com.isuwang.soa.article.service.ArticleService.selectArticlesByCountAndCatalog:1.0.0 20ms
com.isuwang.soa.article.service.ArticleService.selectArticlesByCountAndCatalog:1.0.0 13ms
com.isuwang.soa.holiday.service.HolidayService.selectEntitiesByRange:1.0.0 9ms
com.isuwang.soa.holiday.service.HolidayService.selectEntitiesByRange:1.0.0 8ms
com.isuwang.soa.kuaisuprice.service.KuaisuPriceService.queryKuaisuPrices:1.0.0 284ms
com.isuwang.soa.article.service.ArticleService.getArticleDetail:1.0.0 46ms
com.isuwang.soa.holiday.service.HolidayService.getAllDailySchedules:1.0.0 30ms
com.isuwang.soa.parameter.service.ParameterService.getAllParameters:1.0.0 90ms
com.isuwang.soa.parameter.service.ParameterService.getAllParameters:1.0.0 85ms
com.isuwang.soa.category.service.CategoryService.getAllCategories:1.0.0 114ms
com.isuwang.soa.parameter.service.ParameterService.getAllParameters:1.0.0 105ms
com.isuwang.soa.category.service.CategoryService.getAllCategories:1.0.0 96ms
com.isuwang.soa.category.service.CategoryService.getAllCategories:1.0.0 88ms
com.isuwang.soa.manufacturer.service.ManufacturerService.getAllManufacturers:1.0.0 138ms
com.isuwang.soa.manufacturer.service.ManufacturerService.getAllManufacturers:1.0.0 154ms
com.isuwang.soa.manufacturer.service.ManufacturerService.getAllManufacturers:1.0.0 162ms
com.isuwang.soa.warehouse.service.WarehouseService.getAllWarehouses:1.0.0 65ms
com.isuwang.soa.warehouse.service.WarehouseService.getAllWarehouses:1.0.0 109ms
com.isuwang.soa.warehouse.service.WarehouseService.getAllWarehouses:1.0.0 114ms
com.isuwang.soa.country.service.CountryService.getAllCountries:1.0.0 26ms
com.isuwang.soa.country.service.CountryService.getAllCountries:1.0.0 28ms
com.isuwang.soa.country.service.CountryService.getAllCountries:1.0.0 16ms
com.isuwang.soa.country.service.CountryService.getAllCountrisHasPrices:1.0.0 340ms
com.isuwang.soa.country.service.CountryService.getAllCountrisHasPrices:1.0.0 321ms
com.isuwang.soa.country.service.CountryService.getAllCountrisHasPrices:1.0.0 396ms
com.isuwang.soa.province.service.ProvinceService.getAllProvinces:1.0.0 37ms
com.isuwang.soa.province.service.ProvinceService.getAllProvinces:1.0.0 37ms
com.isuwang.soa.province.service.ProvinceService.getAllProvinces:1.0.0 10ms
com.isuwang.soa.city.service.CityService.getAllCities:1.0.0 22ms
com.isuwang.soa.city.service.CityService.getAllCities:1.0.0 12ms
com.isuwang.soa.city.service.CityService.getAllCities:1.0.0 15ms
com.isuwang.soa.city.service.CityService.getAllCitiesHasWarehouses:1.0.0 15ms
com.isuwang.soa.city.service.CityService.getAllCitiesHasWarehouses:1.0.0 15ms
com.isuwang.soa.city.service.CityService.getAllCitiesHasWarehouses:1.0.0 7ms
com.isuwang.soa.supplierprice.service.SupplierPriceService.getTopSupplierPricesDesignation:1.0.0 833ms
com.isuwang.soa.supplierprice.service.SupplierPriceService.getTopSupplierPricesDesignation:1.0.0 836ms
com.isuwang.soa.supplierprice.service.SupplierPriceService.getTopSupplierPricesDesignation:1.0.0 850ms
com.isuwang.soa.product.service.ProductService.getAllProductsWithICMD:1.0.0 2396ms
com.isuwang.soa.product.service.ProductService.getAllProductsWithICMD:1.0.0 2665ms
com.isuwang.soa.product.service.ProductService.getAllProductsWithICMD:1.0.0 2657ms
com.isuwang.soa.categorygroup.service.CategoryGroupService.queryAllCategoryGroups:1.0.0 17ms
com.isuwang.soa.holiday.service.HolidayService.selectEntitiesByRange:1.0.0 8ms
com.isuwang.soa.categorygroup.service.CategoryGroupService.queryAllCategoryGroups:1.0.0 12ms
com.isuwang.soa.categorygroup.service.CategoryGroupService.queryAllCategoryGroups:1.0.0 8ms
com.isuwang.soa.holiday.service.HolidayService.selectEntitiesByRange:1.0.0 9ms
com.isuwang.soa.holiday.service.HolidayService.selectEntitiesByRange:1.0.0 8ms
com.isuwang.soa.holiday.service.HolidayService.selectEntitiesByRange:1.0.0 12ms
com.isuwang.soa.holiday.service.HolidayService.selectEntitiesByRange:1.0.0 6ms
com.isuwang.soa.holiday.service.HolidayService.selectEntitiesByRange:1.0.0 7ms
com.isuwang.soa.holiday.service.HolidayService.selectEntitiesByRange:1.0.0 8ms
com.isuwang.soa.holiday.service.HolidayService.selectEntitiesByRange:1.0.0 8ms
com.isuwang.soa.holiday.service.HolidayService.selectEntitiesByRange:1.0.0 7ms
com.isuwang.soa.article.service.ArticleService.getArticleList:1.0.0 318ms
com.isuwang.soa.article.service.ArticleService.getArticleDetail:1.0.0 149ms
com.isuwang.soa.article.service.ArticleService.getArticleDetail:1.0.0 119ms
com.isuwang.soa.article.service.ArticleService.getArticleDetail:1.0.0 198ms
com.isuwang.soa.article.service.ArticleService.getArticleList:1.0.0 138ms
com.isuwang.soa.article.service.ArticleService.getArticleList:1.0.0 115ms
com.isuwang.soa.article.service.ArticleService.getArticleList:1.0.0 124ms
com.isuwang.soa.article.service.ArticleService.getArticleDetail:1.0.0 186ms
com.isuwang.soa.kuaisuprice.service.KuaisuPriceService.queryKuaisuPrices:1.0.0 347ms
com.isuwang.soa.article.service.ArticleService.selectArticleByIdAndType:1.0.0 18ms
com.isuwang.soa.article.service.ArticleService.getArticleDetail:1.0.0 162ms
com.isuwang.soa.kuaisuprice.service.KuaisuPriceService.queryKuaisuPrices:1.0.0 175ms
com.isuwang.soa.article.service.ArticleService.selectTopArticles:1.0.0 20ms
com.isuwang.soa.article.service.ArticleService.selectArticlesByCountAndCatalog:1.0.0 14ms
com.isuwang.soa.article.service.ArticleService.selectArticlesByCountAndCatalog:1.0.0 14ms
com.isuwang.soa.article.service.ArticleService.selectArticlesByCountAndCatalog:1.0.0 10ms
com.isuwang.soa.article.service.ArticleService.getArticleDetail:1.0.0 44ms
com.isuwang.soa.article.service.ArticleService.getArticleList:1.0.0 39ms
com.isuwang.soa.article.service.ArticleService.getArticleList:1.0.0 20ms
com.isuwang.soa.article.service.ArticleService.getArticleDetail:1.0.0 57ms
com.isuwang.soa.article.service.ArticleService.getArticleDetail:1.0.0 77ms
com.isuwang.soa.holiday.service.HolidayService.selectEntitiesByRange:1.0.0 16ms
com.isuwang.soa.article.service.ArticleService.getArticleList:1.0.0 85ms
com.isuwang.soa.article.service.ArticleService.getArticleDetail:1.0.0 130ms
com.isuwang.soa.article.service.ArticleService.getArticleDetail:1.0.0 139ms
com.isuwang.soa.holiday.service.HolidayService.selectEntitiesByRange:1.0.0 9ms
com.isuwang.soa.article.service.ArticleService.selectTopArticles:1.0.0 29ms
com.isuwang.soa.article.service.ArticleService.selectArticlesByCountAndCatalog:1.0.0 12ms
com.isuwang.soa.holiday.service.HolidayService.selectEntitiesByRange:1.0.0 9ms
com.isuwang.soa.holiday.service.HolidayService.selectEntitiesByRange:1.0.0 8ms
com.isuwang.soa.article.service.ArticleService.getArticleList:1.0.0 140ms
com.isuwang.soa.article.service.ArticleService.getArticleDetail:1.0.0 129ms
com.isuwang.soa.article.service.ArticleService.getArticleDetail:1.0.0 167ms
com.isuwang.soa.article.service.ArticleService.getArticleDetail:1.0.0 27ms
