01:00:08 com.isuwang.soa.holiday.service.HolidayService selectEntitiesByRange 耗时:18ms
01:00:08 com.isuwang.soa.holiday.service.HolidayService selectEntitiesByRange 耗时:8ms
01:00:08 com.isuwang.soa.holiday.service.HolidayService selectEntitiesByRange 耗时:7ms
01:00:08 com.isuwang.soa.holiday.service.HolidayService selectEntitiesByRange 耗时:4ms
01:00:08 com.isuwang.soa.holiday.service.HolidayService selectEntitiesByRange 耗时:4ms
02:00:08 com.isuwang.soa.holiday.service.HolidayService selectEntitiesByRange 耗时:7ms
02:00:09 com.isuwang.soa.holiday.service.HolidayService selectEntitiesByRange 耗时:4ms
02:00:09 com.isuwang.soa.holiday.service.HolidayService selectEntitiesByRange 耗时:5ms
02:20:03 com.isuwang.soa.holiday.service.HolidayService selectEntitiesByRange 耗时:8ms
02:20:03 com.isuwang.soa.holiday.service.HolidayService selectEntitiesByRange 耗时:4ms
02:25:01 com.isuwang.soa.holiday.service.HolidayService selectEntitiesByRange 耗时:8ms
02:25:01 com.isuwang.soa.holiday.service.HolidayService selectEntitiesByRange 耗时:5ms
02:25:01 com.isuwang.soa.holiday.service.HolidayService selectEntitiesByRange 耗时:5ms
02:25:15 com.isuwang.soa.article.service.ArticleService selectArticleByIdAndType 耗时:12ms
02:25:15 com.isuwang.soa.article.service.ArticleService selectArticlesByCountAndType 耗时:8ms
02:30:03 com.isuwang.soa.article.service.ArticleService selectTopArticles 耗时:25ms
02:30:04 com.isuwang.soa.article.service.ArticleService selectArticlesByCountAndCatalog 耗时:20ms
02:30:04 com.isuwang.soa.article.service.ArticleService selectArticlesByCountAndCatalog 耗时:6ms
02:30:04 com.isuwang.soa.article.service.ArticleService selectArticlesByCountAndCatalog 耗时:7ms
02:32:01 com.isuwang.soa.article.service.ArticleService selectTopArticles 耗时:16ms
02:32:01 com.isuwang.soa.article.service.ArticleService selectArticlesByCountAndCatalog 耗时:8ms
02:32:01 com.isuwang.soa.article.service.ArticleService selectArticlesByCountAndCatalog 耗时:12ms
02:32:01 com.isuwang.soa.article.service.ArticleService selectArticlesByCountAndCatalog 耗时:6ms
03:00:07 com.isuwang.soa.holiday.service.HolidayService selectEntitiesByRange 耗时:5ms
03:00:08 com.isuwang.soa.holiday.service.HolidayService selectEntitiesByRange 耗时:4ms
03:10:05 com.isuwang.soa.article.service.ArticleService getArticleList 耗时:48ms
03:40:04 com.isuwang.soa.article.service.ArticleService getArticleList 耗时:37ms
03:41:01 com.isuwang.soa.holiday.service.HolidayService selectEntitiesByRange 耗时:5ms
04:00:08 com.isuwang.soa.holiday.service.HolidayService selectEntitiesByRange 耗时:4ms
04:00:08 com.isuwang.soa.holiday.service.HolidayService selectEntitiesByRange 耗时:4ms
04:00:08 com.isuwang.soa.holiday.service.HolidayService selectEntitiesByRange 耗时:4ms
04:25:51 com.isuwang.soa.article.service.ArticleService getArticleDetail 耗时:181ms
04:28:01 com.isuwang.soa.article.service.ArticleService selectArticlesByCountAndType 耗时:5ms
04:30:02 com.isuwang.soa.holiday.service.HolidayService selectEntitiesByRange 耗时:5ms
04:30:02 com.isuwang.soa.holiday.service.HolidayService selectEntitiesByRange 耗时:5ms
04:32:45 com.isuwang.soa.article.service.ArticleService getArticleList 耗时:73ms
04:37:12 com.isuwang.soa.article.service.ArticleService getArticleList 耗时:91ms
04:54:01 com.isuwang.soa.article.service.ArticleService selectTopArticles 耗时:15ms
04:54:01 com.isuwang.soa.article.service.ArticleService selectArticlesByCountAndCatalog 耗时:9ms
04:54:01 com.isuwang.soa.article.service.ArticleService selectArticlesByCountAndCatalog 耗时:4ms
04:54:01 com.isuwang.soa.article.service.ArticleService selectArticlesByCountAndCatalog 耗时:4ms
04:55:59 com.isuwang.soa.article.service.ArticleService getArticleDetail 耗时:136ms
05:00:07 com.isuwang.soa.holiday.service.HolidayService selectEntitiesByRange 耗时:6ms
05:00:07 com.isuwang.soa.holiday.service.HolidayService selectEntitiesByRange 耗时:4ms
05:00:09 com.isuwang.soa.holiday.service.HolidayService selectEntitiesByRange 耗时:5ms
05:00:27 com.isuwang.soa.article.service.ArticleService getArticleList 耗时:76ms
05:10:03 com.isuwang.soa.holiday.service.HolidayService selectEntitiesByRange 耗时:5ms
05:10:03 com.isuwang.soa.holiday.service.HolidayService selectEntitiesByRange 耗时:5ms
05:24:01 com.isuwang.soa.holiday.service.HolidayService selectEntitiesByRange 耗时:5ms
05:24:01 com.isuwang.soa.holiday.service.HolidayService selectEntitiesByRange 耗时:5ms
05:24:01 com.isuwang.soa.holiday.service.HolidayService selectEntitiesByRange 耗时:5ms
06:00:07 com.isuwang.soa.holiday.service.HolidayService selectEntitiesByRange 耗时:9ms
06:26:01 com.isuwang.soa.article.service.ArticleService selectArticlesByCountAndCatalog 耗时:6ms
06:26:01 com.isuwang.soa.article.service.ArticleService selectArticlesByCountAndCatalog 耗时:5ms
06:39:24 com.isuwang.soa.holiday.service.HolidayService selectEntitiesByRange 耗时:4ms
06:39:24 com.isuwang.soa.holiday.service.HolidayService selectEntitiesByRange 耗时:3ms
06:44:01 com.isuwang.soa.article.service.ArticleService selectTopArticles 耗时:51ms
07:00:08 com.isuwang.soa.holiday.service.HolidayService selectEntitiesByRange 耗时:5ms
07:00:09 com.isuwang.soa.holiday.service.HolidayService selectEntitiesByRange 耗时:6ms
07:46:01 com.isuwang.soa.article.service.ArticleService selectArticlesByCountAndCatalog 耗时:6ms
07:46:01 com.isuwang.soa.article.service.ArticleService selectArticlesByCountAndCatalog 耗时:13ms
07:58:01 com.isuwang.soa.article.service.ArticleService selectArticlesByCountAndCatalog 耗时:11ms
07:58:01 com.isuwang.soa.article.service.ArticleService selectArticlesByCountAndCatalog 耗时:5ms
07:58:01 com.isuwang.soa.article.service.ArticleService selectArticlesByCountAndCatalog 耗时:6ms
08:00:09 com.isuwang.soa.holiday.service.HolidayService selectEntitiesByRange 耗时:9ms
08:00:09 com.isuwang.soa.holiday.service.HolidayService selectEntitiesByRange 耗时:4ms
08:00:09 com.isuwang.soa.holiday.service.HolidayService selectEntitiesByRange 耗时:4ms
08:04:02 com.isuwang.soa.article.service.ArticleService selectArticlesByCountAndCatalog 耗时:9ms
08:26:18 com.isuwang.soa.article.service.ArticleService getArticleList 耗时:83ms
08:30:05 com.isuwang.soa.article.service.ArticleService selectTopArticles 耗时:16ms
08:30:05 com.isuwang.soa.article.service.ArticleService selectArticlesByCountAndCatalog 耗时:9ms
08:30:05 com.isuwang.soa.article.service.ArticleService selectArticlesByCountAndCatalog 耗时:6ms
08:30:05 com.isuwang.soa.article.service.ArticleService selectArticlesByCountAndCatalog 耗时:6ms
08:37:26 com.isuwang.soa.kuaisuprice.service.KuaisuPriceService queryKuaisuPrices 耗时:130ms
08:44:01 com.isuwang.soa.holiday.service.HolidayService selectEntitiesByRange 耗时:4ms
08:44:01 com.isuwang.soa.holiday.service.HolidayService selectEntitiesByRange 耗时:6ms
08:44:01 com.isuwang.soa.holiday.service.HolidayService selectEntitiesByRange 耗时:4ms
08:50:02 com.isuwang.soa.holiday.service.HolidayService selectEntitiesByRange 耗时:14ms
08:50:02 com.isuwang.soa.holiday.service.HolidayService selectEntitiesByRange 耗时:5ms
08:57:01 com.isuwang.soa.article.service.ArticleService getArticleDetail 耗时:30ms
08:59:02 com.isuwang.soa.article.service.ArticleService selectTopArticles 耗时:16ms
08:59:02 com.isuwang.soa.article.service.ArticleService selectArticlesByCountAndCatalog 耗时:8ms
08:59:02 com.isuwang.soa.article.service.ArticleService selectArticlesByCountAndCatalog 耗时:5ms
08:59:02 com.isuwang.soa.article.service.ArticleService selectArticlesByCountAndCatalog 耗时:6ms
09:00:09 com.isuwang.soa.holiday.service.HolidayService selectEntitiesByRange 耗时:4ms
09:00:09 com.isuwang.soa.holiday.service.HolidayService selectEntitiesByRange 耗时:4ms
09:02:32 com.isuwang.soa.holiday.service.HolidayService selectEntitiesByRange 耗时:4ms
09:03:01 com.isuwang.soa.article.service.ArticleService selectArticlesByCountAndCatalog 耗时:7ms
09:10:01 com.isuwang.soa.kuaisuprice.service.KuaisuPriceService queryKuaisuPrices 耗时:192ms
09:11:01 com.isuwang.soa.article.service.ArticleService selectTopArticles 耗时:15ms
09:13:04 com.isuwang.soa.article.service.ArticleService getArticleDetail 耗时:130ms
09:13:27 com.isuwang.soa.article.service.ArticleService getArticleDetail 耗时:125ms
09:18:02 com.isuwang.soa.holiday.service.HolidayService selectEntitiesByRange 耗时:4ms
09:18:02 com.isuwang.soa.holiday.service.HolidayService selectEntitiesByRange 耗时:4ms
09:20:02 com.isuwang.soa.holiday.service.HolidayService selectEntitiesByRange 耗时:5ms
09:20:02 com.isuwang.soa.holiday.service.HolidayService selectEntitiesByRange 耗时:4ms
09:20:02 com.isuwang.soa.holiday.service.HolidayService selectEntitiesByRange 耗时:4ms
09:26:01 com.isuwang.soa.article.service.ArticleService selectArticlesByCountAndCatalog 耗时:8ms
09:26:01 com.isuwang.soa.article.service.ArticleService selectArticlesByCountAndCatalog 耗时:6ms
09:26:01 com.isuwang.soa.article.service.ArticleService selectArticlesByCountAndCatalog 耗时:7ms
09:28:01 com.isuwang.soa.article.service.ArticleService getArticleDetail 耗时:52ms
09:33:24 com.isuwang.soa.kuaisuprice.service.KuaisuPriceService queryKuaisuPrices 耗时:82ms
09:39:20 com.isuwang.soa.kuaisuprice.service.KuaisuPriceService queryKuaisuPrices 耗时:71ms
09:40:03 com.isuwang.soa.holiday.service.HolidayService selectEntitiesByRange 耗时:4ms
09:40:03 com.isuwang.soa.holiday.service.HolidayService selectEntitiesByRange 耗时:5ms
09:40:13 com.isuwang.soa.article.service.ArticleService getArticleDetail 耗时:25ms
09:41:15 com.isuwang.soa.kuaisuprice.service.KuaisuPriceService queryKuaisuPrices 耗时:142ms
09:49:01 com.isuwang.soa.article.service.ArticleService selectTopArticles 耗时:18ms
09:49:01 com.isuwang.soa.article.service.ArticleService selectArticlesByCountAndCatalog 耗时:11ms
09:49:01 com.isuwang.soa.article.service.ArticleService selectArticlesByCountAndCatalog 耗时:6ms
09:49:01 com.isuwang.soa.article.service.ArticleService selectArticlesByCountAndCatalog 耗时:5ms
09:50:02 com.isuwang.soa.holiday.service.HolidayService selectEntitiesByRange 耗时:5ms
09:50:03 com.isuwang.soa.holiday.service.HolidayService selectEntitiesByRange 耗时:4ms
09:50:03 com.isuwang.soa.holiday.service.HolidayService selectEntitiesByRange 耗时:5ms
10:09:01 com.isuwang.soa.holiday.service.HolidayService selectEntitiesByRange 耗时:5ms
10:10:02 com.isuwang.soa.holiday.service.HolidayService selectEntitiesByRange 耗时:4ms
10:10:02 com.isuwang.soa.holiday.service.HolidayService selectEntitiesByRange 耗时:4ms
10:10:03 com.isuwang.soa.holiday.service.HolidayService selectEntitiesByRange 耗时:4ms
10:10:05 com.isuwang.soa.holiday.service.HolidayService selectEntitiesByRange 耗时:5ms
10:10:05 com.isuwang.soa.holiday.service.HolidayService selectEntitiesByRange 耗时:5ms
10:10:08 com.isuwang.soa.kuaisuprice.service.KuaisuPriceService queryKuaisuPrices 耗时:158ms
10:20:05 com.isuwang.soa.holiday.service.HolidayService selectEntitiesByRange 耗时:4ms
10:20:05 com.isuwang.soa.holiday.service.HolidayService selectEntitiesByRange 耗时:4ms
10:20:08 com.isuwang.soa.kuaisuprice.service.KuaisuPriceService queryKuaisuPrices 耗时:122ms
10:20:56 com.isuwang.soa.kuaisuprice.service.KuaisuPriceService queryKuaisuPrices 耗时:129ms
10:29:49 com.isuwang.soa.kuaisuprice.service.KuaisuPriceService queryKuaisuPrices 耗时:122ms
10:30:04 com.isuwang.soa.article.service.ArticleService selectTopArticles 耗时:20ms
10:30:04 com.isuwang.soa.article.service.ArticleService selectArticlesByCountAndCatalog 耗时:15ms
10:30:04 com.isuwang.soa.article.service.ArticleService selectArticlesByCountAndCatalog 耗时:15ms
10:30:04 com.isuwang.soa.article.service.ArticleService selectArticlesByCountAndCatalog 耗时:7ms
10:34:46 com.isuwang.soa.article.service.ArticleService getArticleList 耗时:94ms
10:40:04 com.isuwang.soa.holiday.service.HolidayService selectEntitiesByRange 耗时:5ms
10:40:04 com.isuwang.soa.holiday.service.HolidayService selectEntitiesByRange 耗时:8ms
10:40:22 com.isuwang.soa.kuaisuprice.service.KuaisuPriceService queryKuaisuPrices 耗时:127ms
10:44:31 com.isuwang.soa.holiday.service.HolidayService selectEntitiesByRange 耗时:5ms
10:44:40 com.isuwang.soa.kuaisuprice.service.KuaisuPriceService queryKuaisuPrices 耗时:125ms
10:46:59 com.isuwang.soa.kuaisuprice.service.KuaisuPriceService queryKuaisuPrices 耗时:61ms
10:51:36 com.isuwang.soa.kuaisuprice.service.KuaisuPriceService queryKuaisuPrices 耗时:128ms
10:51:38 com.isuwang.soa.article.service.ArticleService getArticleList 耗时:87ms
10:55:16 com.isuwang.soa.holiday.service.HolidayService selectEntitiesByRange 耗时:5ms
10:55:16 com.isuwang.soa.holiday.service.HolidayService selectEntitiesByRange 耗时:6ms
11:00:08 com.isuwang.soa.holiday.service.HolidayService selectEntitiesByRange 耗时:4ms
11:00:08 com.isuwang.soa.holiday.service.HolidayService selectEntitiesByRange 耗时:4ms
11:00:09 com.isuwang.soa.holiday.service.HolidayService selectEntitiesByRange 耗时:4ms
11:00:09 com.isuwang.soa.holiday.service.HolidayService selectEntitiesByRange 耗时:4ms
11:00:10 com.isuwang.soa.article.service.ArticleService selectArticleByIdAndType 耗时:7ms
11:00:10 com.isuwang.soa.article.service.ArticleService selectArticlesByCountAndType 耗时:5ms
11:00:10 com.isuwang.soa.article.service.ArticleService selectArticlesByCountAndCatalog 耗时:7ms
11:00:10 com.isuwang.soa.article.service.ArticleService selectArticlesByCountAndCatalog 耗时:5ms
11:14:51 com.isuwang.soa.article.service.ArticleService getArticleDetail 耗时:28ms
11:14:51 com.isuwang.soa.article.service.ArticleService getArticleDetail 耗时:43ms
11:14:51 com.isuwang.soa.article.service.ArticleService getArticleDetail 耗时:66ms
11:14:51 com.isuwang.soa.article.service.ArticleService getArticleDetail 耗时:35ms
11:14:51 com.isuwang.soa.article.service.ArticleService getArticleDetail 耗时:31ms
11:14:51 com.isuwang.soa.article.service.ArticleService getArticleDetail 耗时:32ms
11:14:51 com.isuwang.soa.article.service.ArticleService getArticleDetail 耗时:46ms
11:14:51 com.isuwang.soa.article.service.ArticleService getArticleDetail 耗时:61ms
11:14:54 com.isuwang.soa.article.service.ArticleService getArticleDetail 耗时:26ms
11:14:54 com.isuwang.soa.article.service.ArticleService getArticleDetail 耗时:46ms
11:14:54 com.isuwang.soa.article.service.ArticleService getArticleDetail 耗时:33ms
11:14:54 com.isuwang.soa.article.service.ArticleService getArticleDetail 耗时:49ms
11:20:46 com.isuwang.soa.kuaisuprice.service.KuaisuPriceService queryKuaisuPrices 耗时:122ms
11:22:01 com.isuwang.soa.article.service.ArticleService getArticleDetail 耗时:226ms
11:23:55 com.isuwang.soa.article.service.ArticleService getArticleDetail 耗时:28ms
11:24:01 com.isuwang.soa.article.service.ArticleService getArticleDetail 耗时:32ms
11:27:00 com.isuwang.soa.holiday.service.HolidayService selectEntitiesByRange 耗时:4ms
11:27:00 com.isuwang.soa.holiday.service.HolidayService selectEntitiesByRange 耗时:4ms
11:27:55 com.isuwang.soa.kuaisuprice.service.KuaisuPriceService queryKuaisuPrices 耗时:80ms
11:30:03 com.isuwang.soa.holiday.service.HolidayService selectEntitiesByRange 耗时:6ms
11:30:03 com.isuwang.soa.holiday.service.HolidayService selectEntitiesByRange 耗时:4ms
11:31:46 com.isuwang.soa.kuaisuprice.service.KuaisuPriceService queryKuaisuPrices 耗时:123ms
11:35:07 com.isuwang.soa.article.service.ArticleService getArticleDetail 耗时:61ms
11:40:04 com.isuwang.soa.holiday.service.HolidayService selectEntitiesByRange 耗时:6ms
11:40:04 com.isuwang.soa.holiday.service.HolidayService selectEntitiesByRange 耗时:4ms
11:40:05 com.isuwang.soa.holiday.service.HolidayService selectEntitiesByRange 耗时:6ms
11:40:05 com.isuwang.soa.holiday.service.HolidayService selectEntitiesByRange 耗时:5ms
11:40:05 com.isuwang.soa.holiday.service.HolidayService selectEntitiesByRange 耗时:4ms
11:40:13 com.isuwang.soa.warehouse.service.WarehouseService findWarehouses 耗时:10ms
11:41:39 com.isuwang.soa.kuaisuprice.service.KuaisuPriceService queryKuaisuPrices 耗时:136ms
11:47:02 com.isuwang.soa.kuaisuprice.service.KuaisuPriceService queryKuaisuPrices 耗时:128ms
11:52:40 com.isuwang.soa.holiday.service.HolidayService selectEntitiesByRange 耗时:4ms
11:53:44 com.isuwang.soa.article.service.ArticleService getArticleDetail 耗时:154ms
11:53:46 com.isuwang.soa.article.service.ArticleService getArticleList 耗时:79ms
11:55:12 com.isuwang.soa.etrade.service.EtradeService newEtradeTarget 耗时:99ms
11:55:13 com.isuwang.soa.etrade.service.EtradeService createEtradeBid 耗时:288ms
11:59:02 com.isuwang.soa.holiday.service.HolidayService selectEntitiesByRange 耗时:7ms
12:05:01 com.isuwang.soa.holiday.service.HolidayService selectEntitiesByRange 耗时:4ms
12:05:01 com.isuwang.soa.holiday.service.HolidayService selectEntitiesByRange 耗时:4ms
12:05:02 com.isuwang.soa.holiday.service.HolidayService selectEntitiesByRange 耗时:5ms
12:05:02 com.isuwang.soa.holiday.service.HolidayService selectEntitiesByRange 耗时:4ms
12:05:02 com.isuwang.soa.holiday.service.HolidayService selectEntitiesByRange 耗时:5ms
12:05:02 com.isuwang.soa.holiday.service.HolidayService selectEntitiesByRange 耗时:5ms
12:06:49 com.isuwang.soa.article.service.ArticleService getArticleList 耗时:82ms
12:07:47 com.isuwang.soa.article.service.ArticleService getArticleList 耗时:74ms
12:12:02 com.isuwang.soa.holiday.service.HolidayService selectEntitiesByRange 耗时:5ms
12:12:02 com.isuwang.soa.holiday.service.HolidayService selectEntitiesByRange 耗时:4ms
12:12:02 com.isuwang.soa.holiday.service.HolidayService selectEntitiesByRange 耗时:8ms
12:20:05 com.isuwang.soa.article.service.ArticleService selectTopArticles 耗时:16ms
12:20:05 com.isuwang.soa.article.service.ArticleService selectArticlesByCountAndCatalog 耗时:8ms
12:20:05 com.isuwang.soa.article.service.ArticleService selectArticlesByCountAndCatalog 耗时:10ms
12:20:05 com.isuwang.soa.article.service.ArticleService selectArticlesByCountAndCatalog 耗时:7ms
12:25:25 com.isuwang.soa.article.service.ArticleService getArticleList 耗时:81ms
12:25:57 com.isuwang.soa.article.service.ArticleService getArticleList 耗时:68ms
12:30:02 com.isuwang.soa.holiday.service.HolidayService selectEntitiesByRange 耗时:5ms
12:30:02 com.isuwang.soa.holiday.service.HolidayService selectEntitiesByRange 耗时:13ms
12:30:02 com.isuwang.soa.holiday.service.HolidayService selectEntitiesByRange 耗时:4ms
12:30:28 com.isuwang.soa.article.service.ArticleService getArticleList 耗时:72ms
12:30:29 com.isuwang.soa.article.service.ArticleService getArticleDetail 耗时:121ms
12:36:59 com.isuwang.soa.article.service.ArticleService getArticleList 耗时:66ms
12:42:48 com.isuwang.soa.holiday.service.HolidayService selectEntitiesByRange 耗时:5ms
12:46:36 com.isuwang.soa.kuaisuprice.service.KuaisuPriceService queryKuaisuPrices 耗时:138ms
12:50:50 com.isuwang.soa.kuaisuprice.service.KuaisuPriceService queryKuaisuPrices 耗时:150ms
13:00:08 com.isuwang.soa.holiday.service.HolidayService selectEntitiesByRange 耗时:4ms
13:00:08 com.isuwang.soa.holiday.service.HolidayService selectEntitiesByRange 耗时:6ms
13:00:09 com.isuwang.soa.holiday.service.HolidayService selectEntitiesByRange 耗时:5ms
13:00:09 com.isuwang.soa.holiday.service.HolidayService selectEntitiesByRange 耗时:8ms
13:07:17 com.isuwang.soa.article.service.ArticleService getArticleList 耗时:72ms
13:23:01 com.isuwang.soa.holiday.service.HolidayService selectEntitiesByRange 耗时:4ms
13:23:01 com.isuwang.soa.holiday.service.HolidayService selectEntitiesByRange 耗时:4ms
13:23:22 com.isuwang.soa.article.service.ArticleService getArticleList 耗时:71ms
13:26:07 com.isuwang.soa.article.service.ArticleService getArticleDetail 耗时:116ms
13:28:55 com.isuwang.soa.kuaisuprice.service.KuaisuPriceService queryKuaisuPrices 耗时:124ms
13:29:55 com.isuwang.soa.holiday.service.HolidayService selectEntitiesByRange 耗时:4ms
13:30:05 com.isuwang.soa.article.service.ArticleService getArticleList 耗时:74ms
13:30:05 com.isuwang.soa.article.service.ArticleService selectArticlesByCountAndCatalog 耗时:6ms
13:30:05 com.isuwang.soa.article.service.ArticleService selectArticlesByCountAndCatalog 耗时:5ms
13:35:38 com.isuwang.soa.kuaisuprice.service.KuaisuPriceService queryKuaisuPrices 耗时:132ms
13:37:18 com.isuwang.soa.kuaisuprice.service.KuaisuPriceService queryKuaisuPrices 耗时:130ms
13:37:41 com.isuwang.soa.kuaisuprice.service.KuaisuPriceService queryKuaisuPrices 耗时:130ms
13:39:24 com.isuwang.soa.etrade.service.EtradeService createEtradeBid 耗时:4506ms
13:39:55 com.isuwang.soa.etrade.service.EtradeService createEtradeBid 耗时:3420ms
13:40:07 com.isuwang.soa.article.service.ArticleService getArticleDetail 耗时:197ms
13:40:07 com.isuwang.soa.order.service.OrderService findOrderItemById 耗时:644ms
13:40:07 com.isuwang.soa.holiday.service.HolidayService selectEntitiesByRange 耗时:4ms
13:40:07 com.isuwang.soa.holiday.service.HolidayService selectEntitiesByRange 耗时:6ms
13:40:24 com.isuwang.soa.etrade.service.EtradeService createEtradeBid 耗时:653ms
13:42:34 com.isuwang.soa.etrade.service.EtradeService getLastBid 耗时:13ms
13:43:08 com.isuwang.soa.etrade.service.EtradeService createEtradeBid 耗时:33173ms
13:45:10 com.isuwang.soa.etrade.service.EtradeService createEtradeBid 耗时:62ms
13:47:08 com.isuwang.soa.etrade.service.EtradeService createEtradeBid 耗时:2173ms
13:49:03 com.isuwang.soa.holiday.service.HolidayService selectEntitiesByRange 耗时:4ms
13:49:03 com.isuwang.soa.holiday.service.HolidayService selectEntitiesByRange 耗时:5ms
13:49:48 com.isuwang.soa.kuaisuprice.service.KuaisuPriceService queryKuaisuPrices 耗时:124ms
13:50:04 com.isuwang.soa.holiday.service.HolidayService selectEntitiesByRange 耗时:4ms
13:50:04 com.isuwang.soa.holiday.service.HolidayService selectEntitiesByRange 耗时:4ms
13:50:44 com.isuwang.soa.etrade.service.EtradeService createEtradeBid 耗时:88ms
13:51:16 com.isuwang.soa.etrade.service.EtradeService getEtradeTargetDealtBidsDetails 耗时:48ms
13:52:26 com.isuwang.soa.etrade.service.EtradeService cancelEtradeBid 耗时:3589ms
13:53:37 com.isuwang.soa.holiday.service.HolidayService selectEntitiesByRange 耗时:6ms
13:53:37 com.isuwang.soa.holiday.service.HolidayService selectEntitiesByRange 耗时:4ms
13:54:07 com.isuwang.soa.etrade.service.EtradeService getEtradeTargetDealtBidsDetails 耗时:44ms
13:54:12 com.isuwang.soa.holiday.service.HolidayService selectEntitiesByRange 耗时:4ms
13:54:12 com.isuwang.soa.holiday.service.HolidayService selectEntitiesByRange 耗时:6ms
13:54:15 com.isuwang.soa.etrade.service.EtradeService cancelEtradeBid 耗时:3523ms
13:54:43 com.isuwang.soa.holiday.service.HolidayService selectEntitiesByRange 耗时:4ms
13:56:12 com.isuwang.soa.etrade.service.EtradeService createEtradeBid 耗时:1108ms
13:56:32 com.isuwang.soa.kuaisuprice.service.KuaisuPriceService queryKuaisuPrices 耗时:125ms
13:56:44 com.isuwang.soa.kuaisuprice.service.KuaisuPriceService queryKuaisuPrices 耗时:129ms
13:58:56 com.isuwang.soa.etrade.service.EtradeService createEtradeBid 耗时:10165ms
14:00:08 com.isuwang.soa.holiday.service.HolidayService selectEntitiesByRange 耗时:10ms
14:03:52 com.isuwang.soa.article.service.ArticleService getArticleList 耗时:76ms
14:09:49 com.isuwang.soa.holiday.service.HolidayService selectEntitiesByRange 耗时:4ms
14:10:04 com.isuwang.soa.holiday.service.HolidayService selectEntitiesByRange 耗时:6ms
14:10:04 com.isuwang.soa.holiday.service.HolidayService selectEntitiesByRange 耗时:5ms
14:10:06 com.isuwang.soa.holiday.service.HolidayService selectEntitiesByRange 耗时:4ms
14:10:06 com.isuwang.soa.holiday.service.HolidayService selectEntitiesByRange 耗时:4ms
14:10:06 com.isuwang.soa.holiday.service.HolidayService selectEntitiesByRange 耗时:12ms
14:10:06 com.isuwang.soa.article.service.ArticleService selectTopArticles 耗时:20ms
14:10:06 com.isuwang.soa.article.service.ArticleService selectArticlesByCountAndCatalog 耗时:11ms
14:10:06 com.isuwang.soa.article.service.ArticleService selectArticlesByCountAndCatalog 耗时:6ms
14:10:07 com.isuwang.soa.article.service.ArticleService selectArticlesByCountAndCatalog 耗时:6ms
14:18:01 com.isuwang.soa.kuaisuprice.service.KuaisuPriceService queryKuaisuPrices 耗时:195ms
14:21:01 com.isuwang.soa.holiday.service.HolidayService selectEntitiesByRange 耗时:4ms
14:21:01 com.isuwang.soa.holiday.service.HolidayService selectEntitiesByRange 耗时:4ms
14:22:17 com.isuwang.soa.holiday.service.HolidayService selectEntitiesByRange 耗时:5ms
14:22:18 com.isuwang.soa.holiday.service.HolidayService selectEntitiesByRange 耗时:4ms
14:22:34 com.isuwang.soa.article.service.ArticleService getArticleList 耗时:88ms
14:26:58 com.isuwang.soa.etrade.service.EtradeService getEtradeSpecialShows 耗时:23ms
14:30:15 com.isuwang.soa.kuaisuprice.service.KuaisuPriceService queryKuaisuPrices 耗时:32ms
14:35:01 com.isuwang.soa.holiday.service.HolidayService selectEntitiesByRange 耗时:5ms
14:36:44 com.isuwang.soa.holiday.service.HolidayService selectEntitiesByRange 耗时:5ms
14:36:45 com.isuwang.soa.holiday.service.HolidayService selectEntitiesByRange 耗时:4ms
14:37:05 com.isuwang.soa.kuaisuprice.service.KuaisuPriceService queryKuaisuPrices 耗时:129ms
14:38:30 com.isuwang.soa.article.service.ArticleService getArticleList 耗时:68ms
14:39:02 com.isuwang.soa.holiday.service.HolidayService selectEntitiesByRange 耗时:4ms
14:39:32 com.isuwang.soa.article.service.ArticleService getArticleList 耗时:99ms
14:40:12 com.isuwang.soa.holiday.service.HolidayService selectEntitiesByRange 耗时:3ms
14:48:37 com.isuwang.soa.article.service.ArticleService getArticleDetail 耗时:34ms
14:52:57 com.isuwang.soa.kuaisuprice.service.KuaisuPriceService queryKuaisuPrices 耗时:131ms
14:53:04 com.isuwang.soa.holiday.service.HolidayService selectEntitiesByRange 耗时:5ms
14:53:04 com.isuwang.soa.holiday.service.HolidayService selectEntitiesByRange 耗时:4ms
14:57:26 com.isuwang.soa.kuaisuprice.service.KuaisuPriceService queryKuaisuPrices 耗时:160ms
15:00:08 com.isuwang.soa.kuaisuprice.service.KuaisuPriceService queryKuaisuPrices 耗时:258ms
15:00:10 com.isuwang.soa.holiday.service.HolidayService selectEntitiesByRange 耗时:4ms
15:00:10 com.isuwang.soa.holiday.service.HolidayService selectEntitiesByRange 耗时:4ms
15:00:10 com.isuwang.soa.holiday.service.HolidayService selectEntitiesByRange 耗时:12ms
15:05:27 com.isuwang.soa.kuaisuprice.service.KuaisuPriceService queryKuaisuPrices 耗时:164ms
15:10:08 com.isuwang.soa.kuaisuprice.service.KuaisuPriceService queryKuaisuPrices 耗时:133ms
15:21:02 com.isuwang.soa.holiday.service.HolidayService selectEntitiesByRange 耗时:12ms
15:25:29 com.isuwang.soa.article.service.ArticleService getArticleList 耗时:79ms
15:30:08 com.isuwang.soa.holiday.service.HolidayService selectEntitiesByRange 耗时:4ms
15:30:08 com.isuwang.soa.holiday.service.HolidayService selectEntitiesByRange 耗时:5ms
15:31:23 com.isuwang.soa.order.service.OrderService findOrderItemById 耗时:46ms
15:31:27 com.isuwang.soa.kuaisuprice.service.KuaisuPriceService queryKuaisuPrices 耗时:138ms
15:37:52 com.isuwang.soa.kuaisuprice.service.KuaisuPriceService queryKuaisuPrices 耗时:146ms
15:42:49 com.isuwang.soa.order.service.OrderService findOrderItemById 耗时:13ms
15:43:43 com.isuwang.soa.article.service.ArticleService getArticleDetail 耗时:139ms
15:47:11 com.isuwang.soa.article.service.ArticleService getArticleDetail 耗时:4ms
15:49:17 com.isuwang.soa.holiday.service.HolidayService selectEntitiesByRange 耗时:4ms
15:49:17 com.isuwang.soa.holiday.service.HolidayService selectEntitiesByRange 耗时:3ms
15:50:03 com.isuwang.soa.holiday.service.HolidayService selectEntitiesByRange 耗时:5ms
15:50:03 com.isuwang.soa.holiday.service.HolidayService selectEntitiesByRange 耗时:4ms
15:50:04 com.isuwang.soa.holiday.service.HolidayService selectEntitiesByRange 耗时:4ms
15:50:04 com.isuwang.soa.holiday.service.HolidayService selectEntitiesByRange 耗时:5ms
15:51:43 com.isuwang.soa.holiday.service.HolidayService selectEntitiesByRange 耗时:4ms
15:51:43 com.isuwang.soa.holiday.service.HolidayService selectEntitiesByRange 耗时:7ms
15:55:02 com.isuwang.soa.holiday.service.HolidayService selectEntitiesByRange 耗时:8ms
15:56:02 com.isuwang.soa.holiday.service.HolidayService selectEntitiesByRange 耗时:4ms
15:56:02 com.isuwang.soa.holiday.service.HolidayService selectEntitiesByRange 耗时:4ms
15:56:04 com.isuwang.soa.holiday.service.HolidayService selectEntitiesByRange 耗时:4ms
15:56:04 com.isuwang.soa.holiday.service.HolidayService selectEntitiesByRange 耗时:4ms
15:56:08 com.isuwang.soa.kuaisuprice.service.KuaisuPriceService queryKuaisuPrices 耗时:129ms
16:11:28 com.isuwang.soa.article.service.ArticleService getArticleList 耗时:94ms
16:11:59 com.isuwang.soa.article.service.ArticleService getArticleList 耗时:96ms
16:13:46 com.isuwang.soa.article.service.ArticleService getArticleList 耗时:70ms
16:18:17 com.isuwang.soa.kuaisuprice.service.KuaisuPriceService queryKuaisuPrices 耗时:135ms
16:20:06 com.isuwang.soa.order.service.OrderService findOrderItemById 耗时:34ms
16:23:08 com.isuwang.soa.holiday.service.HolidayService selectEntitiesByRange 耗时:4ms
16:27:23 com.isuwang.soa.article.service.ArticleService getArticleList 耗时:75ms
16:30:01 com.isuwang.soa.kuaisuprice.service.KuaisuPriceService queryKuaisuPrices 耗时:406ms
16:34:17 com.isuwang.soa.article.service.ArticleService getArticleList 耗时:71ms
16:40:03 com.isuwang.soa.holiday.service.HolidayService selectEntitiesByRange 耗时:9ms
16:40:03 com.isuwang.soa.holiday.service.HolidayService selectEntitiesByRange 耗时:4ms
16:46:52 com.isuwang.soa.article.service.ArticleService getArticleDetail 耗时:200ms
16:50:04 com.isuwang.soa.holiday.service.HolidayService selectEntitiesByRange 耗时:4ms
16:50:05 com.isuwang.soa.holiday.service.HolidayService selectEntitiesByRange 耗时:5ms
16:50:27 com.isuwang.soa.kuaisuprice.service.KuaisuPriceService queryKuaisuPrices 耗时:126ms
16:50:31 com.isuwang.soa.kuaisuprice.service.KuaisuPriceService queryKuaisuPrices 耗时:133ms
16:51:57 com.isuwang.soa.kuaisuprice.service.KuaisuPriceService queryKuaisuPrices 耗时:137ms
16:54:46 com.isuwang.soa.article.service.ArticleService getArticleDetail 耗时:28ms
16:55:20 com.isuwang.soa.article.service.ArticleService getArticleDetail 耗时:128ms
17:00:08 com.isuwang.soa.holiday.service.HolidayService selectEntitiesByRange 耗时:4ms
17:00:08 com.isuwang.soa.holiday.service.HolidayService selectEntitiesByRange 耗时:4ms
17:00:08 com.isuwang.soa.holiday.service.HolidayService selectEntitiesByRange 耗时:4ms
17:00:08 com.isuwang.soa.holiday.service.HolidayService selectEntitiesByRange 耗时:4ms
17:00:08 com.isuwang.soa.holiday.service.HolidayService selectEntitiesByRange 耗时:5ms
17:00:09 com.isuwang.soa.holiday.service.HolidayService selectEntitiesByRange 耗时:4ms
17:00:09 com.isuwang.soa.holiday.service.HolidayService selectEntitiesByRange 耗时:11ms
17:10:03 com.isuwang.soa.holiday.service.HolidayService selectEntitiesByRange 耗时:8ms
17:10:03 com.isuwang.soa.holiday.service.HolidayService selectEntitiesByRange 耗时:4ms
17:10:28 com.isuwang.soa.holiday.service.HolidayService selectEntitiesByRange 耗时:4ms
17:27:01 com.isuwang.soa.article.service.ArticleService selectTopArticles 耗时:24ms
17:33:13 com.isuwang.soa.article.service.ArticleService getArticleList 耗时:133ms
17:34:41 com.isuwang.soa.article.service.ArticleService getArticleDetail 耗时:26ms
17:40:03 com.isuwang.soa.holiday.service.HolidayService selectEntitiesByRange 耗时:4ms
17:44:55 com.isuwang.soa.article.service.ArticleService getArticleDetail 耗时:19ms
17:45:37 com.isuwang.soa.kuaisuprice.service.KuaisuPriceService queryKuaisuPrices 耗时:138ms
17:49:01 com.isuwang.soa.article.service.ArticleService selectTopArticles 耗时:14ms
17:50:03 com.isuwang.soa.holiday.service.HolidayService selectEntitiesByRange 耗时:4ms
17:50:03 com.isuwang.soa.holiday.service.HolidayService selectEntitiesByRange 耗时:9ms
17:50:03 com.isuwang.soa.holiday.service.HolidayService selectEntitiesByRange 耗时:4ms
17:50:03 com.isuwang.soa.holiday.service.HolidayService selectEntitiesByRange 耗时:4ms
17:58:29 com.isuwang.soa.article.service.ArticleService getArticleDetail 耗时:23ms
18:00:06 com.isuwang.soa.holiday.service.HolidayService selectEntitiesByRange 耗时:7ms
18:00:06 com.isuwang.soa.holiday.service.HolidayService selectEntitiesByRange 耗时:5ms
18:00:08 com.isuwang.soa.holiday.service.HolidayService selectEntitiesByRange 耗时:3ms
18:00:08 com.isuwang.soa.holiday.service.HolidayService selectEntitiesByRange 耗时:4ms
18:00:09 com.isuwang.soa.holiday.service.HolidayService selectEntitiesByRange 耗时:3ms
18:08:08 com.isuwang.soa.article.service.ArticleService getArticleList 耗时:83ms
18:09:41 com.isuwang.soa.article.service.ArticleService getArticleDetail 耗时:21ms
18:19:42 com.isuwang.soa.article.service.ArticleService getArticleList 耗时:75ms
18:20:03 com.isuwang.soa.holiday.service.HolidayService selectEntitiesByRange 耗时:4ms
18:20:03 com.isuwang.soa.holiday.service.HolidayService selectEntitiesByRange 耗时:4ms
18:37:50 com.isuwang.soa.article.service.ArticleService getArticleDetail 耗时:168ms
18:37:53 com.isuwang.soa.article.service.ArticleService getArticleDetail 耗时:140ms
18:38:26 com.isuwang.soa.article.service.ArticleService selectArticleByIdAndType 耗时:4ms
18:38:26 com.isuwang.soa.article.service.ArticleService selectArticlesByCountAndType 耗时:6ms
18:48:02 com.isuwang.soa.article.service.ArticleService selectArticlesByCountAndCatalog 耗时:5ms
18:48:02 com.isuwang.soa.article.service.ArticleService selectArticlesByCountAndCatalog 耗时:4ms
18:52:01 com.isuwang.soa.article.service.ArticleService getArticleList 耗时:77ms
19:00:08 com.isuwang.soa.holiday.service.HolidayService selectEntitiesByRange 耗时:4ms
19:00:08 com.isuwang.soa.holiday.service.HolidayService selectEntitiesByRange 耗时:4ms
19:00:08 com.isuwang.soa.holiday.service.HolidayService selectEntitiesByRange 耗时:4ms
19:00:08 com.isuwang.soa.holiday.service.HolidayService selectEntitiesByRange 耗时:4ms
19:00:08 com.isuwang.soa.holiday.service.HolidayService selectEntitiesByRange 耗时:4ms
19:00:09 com.isuwang.soa.holiday.service.HolidayService selectEntitiesByRange 耗时:4ms
19:10:02 com.isuwang.soa.holiday.service.HolidayService selectEntitiesByRange 耗时:6ms
19:10:02 com.isuwang.soa.holiday.service.HolidayService selectEntitiesByRange 耗时:4ms
19:23:01 com.isuwang.soa.kuaisuprice.service.KuaisuPriceService queryKuaisuPrices 耗时:160ms
19:30:02 com.isuwang.soa.holiday.service.HolidayService selectEntitiesByRange 耗时:4ms
19:30:02 com.isuwang.soa.holiday.service.HolidayService selectEntitiesByRange 耗时:4ms
20:00:08 com.isuwang.soa.holiday.service.HolidayService selectEntitiesByRange 耗时:6ms
20:00:08 com.isuwang.soa.holiday.service.HolidayService selectEntitiesByRange 耗时:4ms
20:00:08 com.isuwang.soa.holiday.service.HolidayService selectEntitiesByRange 耗时:4ms
20:00:08 com.isuwang.soa.holiday.service.HolidayService selectEntitiesByRange 耗时:3ms
20:00:09 com.isuwang.soa.holiday.service.HolidayService selectEntitiesByRange 耗时:5ms
20:00:09 com.isuwang.soa.holiday.service.HolidayService selectEntitiesByRange 耗时:4ms
20:00:09 com.isuwang.soa.holiday.service.HolidayService selectEntitiesByRange 耗时:5ms
20:00:09 com.isuwang.soa.holiday.service.HolidayService selectEntitiesByRange 耗时:4ms
20:01:58 com.isuwang.soa.article.service.ArticleService getArticleList 耗时:81ms
20:02:03 com.isuwang.soa.article.service.ArticleService getArticleList 耗时:84ms
20:02:04 com.isuwang.soa.article.service.ArticleService getArticleList 耗时:94ms
20:19:01 com.isuwang.soa.article.service.ArticleService selectArticleByIdAndType 耗时:4ms
20:20:01 com.isuwang.soa.kuaisuprice.service.KuaisuPriceService queryKuaisuPrices 耗时:16ms
20:20:06 com.isuwang.soa.article.service.ArticleService getArticleDetail 耗时:31ms
20:23:04 com.isuwang.soa.kuaisuprice.service.KuaisuPriceService queryKuaisuPrices 耗时:135ms
20:26:59 com.isuwang.soa.article.service.ArticleService getArticleDetail 耗时:59ms
20:28:53 com.isuwang.soa.article.service.ArticleService getArticleDetail 耗时:122ms
20:33:31 com.isuwang.soa.holiday.service.HolidayService selectEntitiesByRange 耗时:4ms
20:33:31 com.isuwang.soa.holiday.service.HolidayService selectEntitiesByRange 耗时:4ms
20:43:24 com.isuwang.soa.article.service.ArticleService getArticleList 耗时:83ms
20:46:02 com.isuwang.soa.article.service.ArticleService getArticleList 耗时:65ms
20:59:01 com.isuwang.soa.article.service.ArticleService getArticleList 耗时:77ms
21:00:08 com.isuwang.soa.holiday.service.HolidayService selectEntitiesByRange 耗时:5ms
21:00:08 com.isuwang.soa.holiday.service.HolidayService selectEntitiesByRange 耗时:11ms
21:00:08 com.isuwang.soa.holiday.service.HolidayService selectEntitiesByRange 耗时:4ms
21:09:41 com.isuwang.soa.article.service.ArticleService getArticleList 耗时:72ms
21:31:01 com.isuwang.soa.article.service.ArticleService getArticleDetail 耗时:28ms
21:43:01 com.isuwang.soa.holiday.service.HolidayService selectEntitiesByRange 耗时:6ms
22:00:07 com.isuwang.soa.holiday.service.HolidayService selectEntitiesByRange 耗时:4ms
22:00:08 com.isuwang.soa.holiday.service.HolidayService selectEntitiesByRange 耗时:3ms
22:00:08 com.isuwang.soa.holiday.service.HolidayService selectEntitiesByRange 耗时:4ms
22:19:01 com.isuwang.soa.article.service.ArticleService selectTopArticles 耗时:24ms
22:19:01 com.isuwang.soa.article.service.ArticleService selectArticlesByCountAndCatalog 耗时:7ms
22:19:01 com.isuwang.soa.article.service.ArticleService selectArticlesByCountAndCatalog 耗时:12ms
22:19:01 com.isuwang.soa.article.service.ArticleService selectArticlesByCountAndCatalog 耗时:5ms
22:20:03 com.isuwang.soa.holiday.service.HolidayService selectEntitiesByRange 耗时:4ms
22:40:03 com.isuwang.soa.holiday.service.HolidayService selectEntitiesByRange 耗时:4ms
22:40:03 com.isuwang.soa.holiday.service.HolidayService selectEntitiesByRange 耗时:4ms
22:57:01 com.isuwang.soa.holiday.service.HolidayService selectEntitiesByRange 耗时:4ms
22:57:01 com.isuwang.soa.holiday.service.HolidayService selectEntitiesByRange 耗时:4ms
23:00:08 com.isuwang.soa.holiday.service.HolidayService selectEntitiesByRange 耗时:5ms
23:00:09 com.isuwang.soa.holiday.service.HolidayService selectEntitiesByRange 耗时:4ms
23:00:09 com.isuwang.soa.holiday.service.HolidayService selectEntitiesByRange 耗时:4ms
23:16:06 com.isuwang.soa.holiday.service.HolidayService getAllDailySchedules 耗时:22ms
23:17:01 com.isuwang.soa.article.service.ArticleService selectTopArticles 耗时:14ms
23:20:05 com.isuwang.soa.article.service.ArticleService getArticleDetail 耗时:440ms
23:25:01 com.isuwang.soa.holiday.service.HolidayService selectEntitiesByRange 耗时:124ms
23:32:50 com.isuwang.soa.article.service.ArticleService getArticleList 耗时:202ms
